{"C:\\CURSOS\\CURSOS-FRONTEND\\Curso React\\React+TS\\proyectos-curso\\9. REACT-NODE-TS-CRUD\\server\\src\\router.ts": {"path":"C:\\CURSOS\\CURSOS-FRONTEND\\Curso React\\React+TS\\proyectos-curso\\9. REACT-NODE-TS-CRUD\\server\\src\\router.ts","statementMap":{"0":{"start":{"line":1,"column":0},"end":{"line":1,"column":33}},"1":{"start":{"line":2,"column":0},"end":{"line":2,"column":48}},"2":{"start":{"line":3,"column":0},"end":{"line":3,"column":null}},"3":{"start":{"line":11,"column":0},"end":{"line":11,"column":50}},"4":{"start":{"line":13,"column":15},"end":{"line":13,"column":23}},"5":{"start":{"line":15,"column":0},"end":{"line":15,"column":29}},"6":{"start":{"line":17,"column":0},"end":{"line":22,"column":2}},"7":{"start":{"line":24,"column":0},"end":{"line":37,"column":2}},"8":{"start":{"line":33,"column":23},"end":{"line":33,"column":32}},"9":{"start":{"line":39,"column":0},"end":{"line":53,"column":2}},"10":{"start":{"line":48,"column":23},"end":{"line":48,"column":32}},"11":{"start":{"line":55,"column":0},"end":{"line":60,"column":2}},"12":{"start":{"line":62,"column":0},"end":{"line":67,"column":2}},"13":{"start":{"line":69,"column":0},"end":{"line":69,"column":22}}},"fnMap":{"0":{"name":"(anonymous_0)","decl":{"start":{"line":33,"column":12},"end":{"line":33,"column":13}},"loc":{"start":{"line":33,"column":23},"end":{"line":33,"column":32}}},"1":{"name":"(anonymous_1)","decl":{"start":{"line":48,"column":12},"end":{"line":48,"column":13}},"loc":{"start":{"line":48,"column":23},"end":{"line":48,"column":32}}}},"branchMap":{},"s":{"0":2,"1":2,"2":2,"3":2,"4":2,"5":2,"6":2,"7":2,"8":4,"9":2,"10":4,"11":2,"12":2,"13":2},"f":{"0":4,"1":4},"b":{}}
,"C:\\CURSOS\\CURSOS-FRONTEND\\Curso React\\React+TS\\proyectos-curso\\9. REACT-NODE-TS-CRUD\\server\\src\\server.ts": {"path":"C:\\CURSOS\\CURSOS-FRONTEND\\Curso React\\React+TS\\proyectos-curso\\9. REACT-NODE-TS-CRUD\\server\\src\\server.ts","statementMap":{"0":{"start":{"line":7,"column":0},"end":{"line":7,"column":7}},"1":{"start":{"line":1,"column":0},"end":{"line":1,"column":30}},"2":{"start":{"line":2,"column":0},"end":{"line":2,"column":28}},"3":{"start":{"line":3,"column":0},"end":{"line":3,"column":30}},"4":{"start":{"line":4,"column":0},"end":{"line":4,"column":29}},"5":{"start":{"line":8,"column":2},"end":{"line":17,"column":3}},"6":{"start":{"line":9,"column":4},"end":{"line":9,"column":28}},"7":{"start":{"line":10,"column":4},"end":{"line":10,"column":14}},"8":{"start":{"line":14,"column":4},"end":{"line":16,"column":6}},"9":{"start":{"line":19,"column":0},"end":{"line":19,"column":13}},"10":{"start":{"line":22,"column":15},"end":{"line":22,"column":24}},"11":{"start":{"line":25,"column":0},"end":{"line":25,"column":27}},"12":{"start":{"line":28,"column":0},"end":{"line":28,"column":36}},"13":{"start":{"line":30,"column":0},"end":{"line":32,"column":3}},"14":{"start":{"line":31,"column":2},"end":{"line":31,"column":33}},"15":{"start":{"line":34,"column":0},"end":{"line":34,"column":22}}},"fnMap":{"0":{"name":"connection","decl":{"start":{"line":7,"column":22},"end":{"line":7,"column":32}},"loc":{"start":{"line":7,"column":32},"end":{"line":18,"column":1}}},"1":{"name":"(anonymous_2)","decl":{"start":{"line":30,"column":19},"end":{"line":30,"column":20}},"loc":{"start":{"line":30,"column":32},"end":{"line":32,"column":1}}}},"branchMap":{},"s":{"0":2,"1":2,"2":2,"3":2,"4":2,"5":3,"6":3,"7":2,"8":1,"9":2,"10":2,"11":2,"12":2,"13":2,"14":1,"15":2},"f":{"0":3,"1":1},"b":{}}
,"C:\\CURSOS\\CURSOS-FRONTEND\\Curso React\\React+TS\\proyectos-curso\\9. REACT-NODE-TS-CRUD\\server\\src\\config\\db.ts": {"path":"C:\\CURSOS\\CURSOS-FRONTEND\\Curso React\\React+TS\\proyectos-curso\\9. REACT-NODE-TS-CRUD\\server\\src\\config\\db.ts","statementMap":{"0":{"start":{"line":1,"column":0},"end":{"line":1,"column":49}},"1":{"start":{"line":2,"column":0},"end":{"line":2,"column":28}},"2":{"start":{"line":5,"column":0},"end":{"line":5,"column":16}},"3":{"start":{"line":8,"column":11},"end":{"line":11,"column":2}},"4":{"start":{"line":13,"column":0},"end":{"line":13,"column":18}}},"fnMap":{},"branchMap":{},"s":{"0":2,"1":2,"2":2,"3":2,"4":2},"f":{},"b":{}}
,"C:\\CURSOS\\CURSOS-FRONTEND\\Curso React\\React+TS\\proyectos-curso\\9. REACT-NODE-TS-CRUD\\server\\src\\handlers\\product.ts": {"path":"C:\\CURSOS\\CURSOS-FRONTEND\\Curso React\\React+TS\\proyectos-curso\\9. REACT-NODE-TS-CRUD\\server\\src\\handlers\\product.ts","statementMap":{"0":{"start":{"line":2,"column":0},"end":{"line":2,"column":46}},"1":{"start":{"line":4,"column":27},"end":{"line":18,"column":1}},"2":{"start":{"line":5,"column":19},"end":{"line":7,"column":4}},"3":{"start":{"line":9,"column":2},"end":{"line":13,"column":3}},"4":{"start":{"line":10,"column":4},"end":{"line":12,"column":7}},"5":{"start":{"line":15,"column":2},"end":{"line":17,"column":5}},"6":{"start":{"line":4,"column":13},"end":{"line":4,"column":27}},"7":{"start":{"line":20,"column":30},"end":{"line":32,"column":1}},"8":{"start":{"line":21,"column":18},"end":{"line":21,"column":55}},"9":{"start":{"line":23,"column":2},"end":{"line":27,"column":3}},"10":{"start":{"line":24,"column":4},"end":{"line":26,"column":7}},"11":{"start":{"line":29,"column":2},"end":{"line":31,"column":5}},"12":{"start":{"line":20,"column":13},"end":{"line":20,"column":30}},"13":{"start":{"line":34,"column":29},"end":{"line":40,"column":1}},"14":{"start":{"line":35,"column":18},"end":{"line":35,"column":48}},"15":{"start":{"line":37,"column":2},"end":{"line":39,"column":5}},"16":{"start":{"line":34,"column":13},"end":{"line":34,"column":29}},"17":{"start":{"line":42,"column":29},"end":{"line":54,"column":1}},"18":{"start":{"line":43,"column":18},"end":{"line":43,"column":55}},"19":{"start":{"line":45,"column":2},"end":{"line":49,"column":3}},"20":{"start":{"line":46,"column":4},"end":{"line":48,"column":7}},"21":{"start":{"line":52,"column":2},"end":{"line":52,"column":33}},"22":{"start":{"line":53,"column":2},"end":{"line":53,"column":23}},"23":{"start":{"line":42,"column":13},"end":{"line":42,"column":29}},"24":{"start":{"line":56,"column":34},"end":{"line":68,"column":1}},"25":{"start":{"line":57,"column":18},"end":{"line":57,"column":55}},"26":{"start":{"line":59,"column":2},"end":{"line":63,"column":3}},"27":{"start":{"line":60,"column":4},"end":{"line":62,"column":7}},"28":{"start":{"line":66,"column":2},"end":{"line":66,"column":58}},"29":{"start":{"line":67,"column":2},"end":{"line":67,"column":23}},"30":{"start":{"line":56,"column":13},"end":{"line":56,"column":34}},"31":{"start":{"line":70,"column":29},"end":{"line":84,"column":1}},"32":{"start":{"line":71,"column":17},"end":{"line":71,"column":27}},"33":{"start":{"line":72,"column":18},"end":{"line":72,"column":44}},"34":{"start":{"line":74,"column":2},"end":{"line":78,"column":3}},"35":{"start":{"line":75,"column":4},"end":{"line":77,"column":7}},"36":{"start":{"line":80,"column":2},"end":{"line":80,"column":26}},"37":{"start":{"line":81,"column":2},"end":{"line":83,"column":5}},"38":{"start":{"line":70,"column":13},"end":{"line":70,"column":29}}},"fnMap":{"0":{"name":"(anonymous_1)","decl":{"start":{"line":4,"column":27},"end":{"line":4,"column":32}},"loc":{"start":{"line":4,"column":65},"end":{"line":18,"column":1}}},"1":{"name":"(anonymous_2)","decl":{"start":{"line":20,"column":30},"end":{"line":20,"column":35}},"loc":{"start":{"line":20,"column":68},"end":{"line":32,"column":1}}},"2":{"name":"(anonymous_3)","decl":{"start":{"line":34,"column":29},"end":{"line":34,"column":34}},"loc":{"start":{"line":34,"column":67},"end":{"line":40,"column":1}}},"3":{"name":"(anonymous_4)","decl":{"start":{"line":42,"column":29},"end":{"line":42,"column":34}},"loc":{"start":{"line":42,"column":67},"end":{"line":54,"column":1}}},"4":{"name":"(anonymous_5)","decl":{"start":{"line":56,"column":34},"end":{"line":56,"column":39}},"loc":{"start":{"line":56,"column":72},"end":{"line":68,"column":1}}},"5":{"name":"(anonymous_6)","decl":{"start":{"line":70,"column":29},"end":{"line":70,"column":34}},"loc":{"start":{"line":70,"column":67},"end":{"line":84,"column":1}}}},"branchMap":{"0":{"loc":{"start":{"line":9,"column":2},"end":{"line":13,"column":3}},"type":"if","locations":[{"start":{"line":9,"column":2},"end":{"line":13,"column":3}}]},"1":{"loc":{"start":{"line":23,"column":2},"end":{"line":27,"column":3}},"type":"if","locations":[{"start":{"line":23,"column":2},"end":{"line":27,"column":3}}]},"2":{"loc":{"start":{"line":45,"column":2},"end":{"line":49,"column":3}},"type":"if","locations":[{"start":{"line":45,"column":2},"end":{"line":49,"column":3}}]},"3":{"loc":{"start":{"line":59,"column":2},"end":{"line":63,"column":3}},"type":"if","locations":[{"start":{"line":59,"column":2},"end":{"line":63,"column":3}}]},"4":{"loc":{"start":{"line":74,"column":2},"end":{"line":78,"column":3}},"type":"if","locations":[{"start":{"line":74,"column":2},"end":{"line":78,"column":3}}]}},"s":{"0":2,"1":2,"2":2,"3":2,"4":0,"5":2,"6":2,"7":2,"8":2,"9":2,"10":1,"11":1,"12":2,"13":2,"14":1,"15":1,"16":2,"17":2,"18":1,"19":1,"20":1,"21":0,"22":0,"23":2,"24":2,"25":1,"26":1,"27":1,"28":0,"29":0,"30":2,"31":2,"32":2,"33":2,"34":2,"35":1,"36":1,"37":1,"38":2},"f":{"0":2,"1":2,"2":1,"3":1,"4":1,"5":2},"b":{"0":[0],"1":[1],"2":[1],"3":[1],"4":[1]}}
,"C:\\CURSOS\\CURSOS-FRONTEND\\Curso React\\React+TS\\proyectos-curso\\9. REACT-NODE-TS-CRUD\\server\\src\\middlewares\\index.ts": {"path":"C:\\CURSOS\\CURSOS-FRONTEND\\Curso React\\React+TS\\proyectos-curso\\9. REACT-NODE-TS-CRUD\\server\\src\\middlewares\\index.ts","statementMap":{"0":{"start":{"line":2,"column":0},"end":{"line":2,"column":53}},"1":{"start":{"line":4,"column":33},"end":{"line":17,"column":1}},"2":{"start":{"line":10,"column":15},"end":{"line":10,"column":36}},"3":{"start":{"line":11,"column":2},"end":{"line":13,"column":3}},"4":{"start":{"line":12,"column":4},"end":{"line":12,"column":60}},"5":{"start":{"line":16,"column":2},"end":{"line":16,"column":9}},"6":{"start":{"line":4,"column":13},"end":{"line":4,"column":33}}},"fnMap":{"0":{"name":"(anonymous_0)","decl":{"start":{"line":4,"column":33},"end":{"line":4,"column":null}},"loc":{"start":{"line":8,"column":4},"end":{"line":17,"column":1}}}},"branchMap":{"0":{"loc":{"start":{"line":11,"column":2},"end":{"line":13,"column":3}},"type":"if","locations":[{"start":{"line":11,"column":2},"end":{"line":13,"column":3}}]}},"s":{"0":2,"1":2,"2":15,"3":15,"4":8,"5":7,"6":2},"f":{"0":15},"b":{"0":[8]}}
,"C:\\CURSOS\\CURSOS-FRONTEND\\Curso React\\React+TS\\proyectos-curso\\9. REACT-NODE-TS-CRUD\\server\\src\\models\\Product.model.ts": {"path":"C:\\CURSOS\\CURSOS-FRONTEND\\Curso React\\React+TS\\proyectos-curso\\9. REACT-NODE-TS-CRUD\\server\\src\\models\\Product.model.ts","statementMap":{"0":{"start":{"line":1,"column":0},"end":{"line":1,"column":79}},"1":{"start":{"line":9,"column":0},"end":{"line":25,"column":null}},"2":{"start":{"line":13,"column":10},"end":{"line":13,"column":null}},"3":{"start":{"line":18,"column":10},"end":{"line":18,"column":null}},"4":{"start":{"line":24,"column":10},"end":{"line":24,"column":null}},"5":{"start":{"line":9,"column":6},"end":{"line":25,"column":null}},"6":{"start":{"line":27,"column":0},"end":{"line":27,"column":23}}},"fnMap":{},"branchMap":{},"s":{"0":3,"1":3,"2":3,"3":3,"4":3,"5":3,"6":3},"f":{},"b":{}}
}
