TN:
SF:src\router.ts
FN:33,(anonymous_0)
FN:48,(anonymous_1)
FNF:2
FNH:2
FNDA:4,(anonymous_0)
FNDA:4,(anonymous_1)
DA:1,2
DA:2,2
DA:3,2
DA:11,2
DA:13,2
DA:15,2
DA:17,2
DA:24,2
DA:33,4
DA:39,2
DA:48,4
DA:55,2
DA:62,2
DA:69,2
LF:14
LH:14
BRF:0
BRH:0
end_of_record
TN:
SF:src\server.ts
FN:7,connection
FN:30,(anonymous_2)
FNF:2
FNH:2
FNDA:3,connection
FNDA:1,(anonymous_2)
DA:1,2
DA:2,2
DA:3,2
DA:4,2
DA:7,2
DA:8,3
DA:9,3
DA:10,2
DA:14,1
DA:19,2
DA:22,2
DA:25,2
DA:28,2
DA:30,2
DA:31,1
DA:34,2
LF:16
LH:16
BRF:0
BRH:0
end_of_record
TN:
SF:src\config\db.ts
FNF:0
FNH:0
DA:1,2
DA:2,2
DA:5,2
DA:8,2
DA:13,2
LF:5
LH:5
BRF:0
BRH:0
end_of_record
TN:
SF:src\handlers\product.ts
FN:4,(anonymous_1)
FN:20,(anonymous_2)
FN:34,(anonymous_3)
FN:42,(anonymous_4)
FN:56,(anonymous_5)
FN:70,(anonymous_6)
FNF:6
FNH:6
FNDA:2,(anonymous_1)
FNDA:2,(anonymous_2)
FNDA:1,(anonymous_3)
FNDA:1,(anonymous_4)
FNDA:1,(anonymous_5)
FNDA:2,(anonymous_6)
DA:2,2
DA:4,2
DA:5,2
DA:9,2
DA:10,0
DA:15,2
DA:20,2
DA:21,2
DA:23,2
DA:24,1
DA:29,1
DA:34,2
DA:35,1
DA:37,1
DA:42,2
DA:43,1
DA:45,1
DA:46,1
DA:52,0
DA:53,0
DA:56,2
DA:57,1
DA:59,1
DA:60,1
DA:66,0
DA:67,0
DA:70,2
DA:71,2
DA:72,2
DA:74,2
DA:75,1
DA:80,1
DA:81,1
LF:33
LH:28
BRDA:9,0,0,0
BRDA:23,1,0,1
BRDA:45,2,0,1
BRDA:59,3,0,1
BRDA:74,4,0,1
BRF:5
BRH:4
end_of_record
TN:
SF:src\middlewares\index.ts
FN:4,(anonymous_0)
FNF:1
FNH:1
FNDA:15,(anonymous_0)
DA:2,2
DA:4,2
DA:10,15
DA:11,15
DA:12,8
DA:16,7
LF:6
LH:6
BRDA:11,0,0,8
BRF:1
BRH:1
end_of_record
TN:
SF:src\models\Product.model.ts
FNF:0
FNH:0
DA:1,3
DA:9,3
DA:13,3
DA:18,3
DA:24,3
DA:27,3
LF:6
LH:6
BRF:0
BRH:0
end_of_record
